2023-07-25 17:49:14
希望创建的设备是:CSPCTL-USBH

2023-07-25 17:49:14
创建的设备是:CSPCTL-USBH

2023-07-25 17:49:15
OpenSecMod CryptGetUserKey failed err = 0x80090020
m_pszExchProvider = Westone Cryptographic Service Provider, m_szExchContainer = ExchContainer, m_dwProvType = 1, m_dwExchKeySpec = 1

2023-07-25 17:49:15
希望创建的设备是:CSPCTL-USBH

2023-07-25 17:49:15
创建的设备是:CSPCTL-USBH

2023-07-25 17:49:15
OpenSecMod CryptGetUserKey failed err = 0x80090020
m_pszExchProvider = Westone Cryptographic Service Provider, m_szExchContainer = ExchContainer, m_dwProvType = 1, m_dwExchKeySpec = 1

2023-07-25 17:49:15
希望创建的设备是:CSPCTL-USBH

2023-07-25 17:49:15
创建的设备是:CSPCTL-USBH

2023-07-25 17:49:15
OpenSecMod CryptGetUserKey failed err = 0x80090020
m_pszExchProvider = Westone Cryptographic Service Provider, m_szExchContainer = ExchContainer, m_dwProvType = 1, m_dwExchKeySpec = 1

2023-07-25 17:49:15
希望创建的设备是:CSPCTL-USBH

2023-07-25 17:49:15
创建的设备是:CSPCTL-USBH

2023-07-25 17:49:15
OpenSecMod CryptGetUserKey failed err = 0x80090020
m_pszExchProvider = Westone Cryptographic Service Provider, m_szExchContainer = ExchContainer, m_dwProvType = 1, m_dwExchKeySpec = 1

2023-07-25 17:49:15
希望创建的设备是:CSPCTL-USBH

2023-07-25 17:49:15
创建的设备是:CSPCTL-USBH

2023-07-25 17:49:15
OpenSecMod CryptGetUserKey failed err = 0x80090020
m_pszExchProvider = Westone Cryptographic Service Provider, m_szExchContainer = ExchContainer, m_dwProvType = 1, m_dwExchKeySpec = 1

2023-07-25 17:49:15
希望创建的设备是:CSPCTL-USBH

2023-07-25 17:49:15
创建的设备是:CSPCTL-USBH

2023-07-25 17:49:15
OpenSecMod CryptGetUserKey failed err = 0x80090020
m_pszExchProvider = Westone Cryptographic Service Provider, m_szExchContainer = ExchContainer, m_dwProvType = 1, m_dwExchKeySpec = 1

2023-07-25 17:49:21
希望创建的设备是:CSPCTL-USBH

2023-07-25 17:49:21
创建的设备是:CSPCTL-USBH

2023-07-25 17:49:21
OpenSecMod CryptGetUserKey failed err = 0x80090020
m_pszExchProvider = Westone Cryptographic Service Provider, m_szExchContainer = ExchContainer, m_dwProvType = 1, m_dwExchKeySpec = 1

2023-07-25 17:49:21
希望创建的设备是:CSPCTL-USBH

2023-07-25 17:49:21
创建的设备是:CSPCTL-USBH

2023-07-25 17:49:21
OpenSecMod CryptGetUserKey failed err = 0x80090020
m_pszExchProvider = Westone Cryptographic Service Provider, m_szExchContainer = ExchContainer, m_dwProvType = 1, m_dwExchKeySpec = 1

2023-07-25 17:49:21
希望创建的设备是:CSPCTL-USBH

2023-07-25 17:49:21
创建的设备是:CSPCTL-USBH

2023-07-25 17:49:21
OpenSecMod CryptGetUserKey failed err = 0x80090020
m_pszExchProvider = Westone Cryptographic Service Provider, m_szExchContainer = ExchContainer, m_dwProvType = 1, m_dwExchKeySpec = 1

2023-07-25 17:49:21
希望创建的设备是:CSPCTL-USBH

2023-07-25 17:49:21
创建的设备是:CSPCTL-USBH

2023-07-25 17:49:21
OpenSecMod CryptGetUserKey failed err = 0x80090020
m_pszExchProvider = Westone Cryptographic Service Provider, m_szExchContainer = ExchContainer, m_dwProvType = 1, m_dwExchKeySpec = 1

2023-07-25 17:49:21
希望创建的设备是:CSPCTL-USBH

2023-07-25 17:49:21
创建的设备是:CSPCTL-USBH

2023-07-25 17:49:21
OpenSecMod CryptGetUserKey failed err = 0x80090020
m_pszExchProvider = Westone Cryptographic Service Provider, m_szExchContainer = ExchContainer, m_dwProvType = 1, m_dwExchKeySpec = 1

2023-07-25 17:49:21
希望创建的设备是:CSPCTL-USBH

2023-07-25 17:49:21
创建的设备是:CSPCTL-USBH

2023-07-25 17:49:21
OpenSecMod CryptGetUserKey failed err = 0x80090020
m_pszExchProvider = Westone Cryptographic Service Provider, m_szExchContainer = ExchContainer, m_dwProvType = 1, m_dwExchKeySpec = 1

2023-07-25 17:49:28
希望创建的设备是:CSPCTL-USBH

2023-07-25 17:49:28
创建的设备是:CSPCTL-USBH

2023-07-25 17:49:28
OpenSecMod CryptGetUserKey failed err = 0x80090020
m_pszExchProvider = Westone Cryptographic Service Provider, m_szExchContainer = ExchContainer, m_dwProvType = 1, m_dwExchKeySpec = 1

2023-07-25 17:49:28
希望创建的设备是:CSPCTL-USBH

2023-07-25 17:49:28
创建的设备是:CSPCTL-USBH

2023-07-25 17:49:28
OpenSecMod CryptGetUserKey failed err = 0x80090020
m_pszExchProvider = Westone Cryptographic Service Provider, m_szExchContainer = ExchContainer, m_dwProvType = 1, m_dwExchKeySpec = 1

2023-07-25 17:49:28
希望创建的设备是:CSPCTL-USBH

2023-07-25 17:49:28
创建的设备是:CSPCTL-USBH

2023-07-25 17:49:28
OpenSecMod CryptGetUserKey failed err = 0x80090020
m_pszExchProvider = Westone Cryptographic Service Provider, m_szExchContainer = ExchContainer, m_dwProvType = 1, m_dwExchKeySpec = 1

2023-07-25 17:49:28
希望创建的设备是:CSPCTL-USBH

2023-07-25 17:49:28
创建的设备是:CSPCTL-USBH

2023-07-25 17:49:28
OpenSecMod CryptGetUserKey failed err = 0x80090020
m_pszExchProvider = Westone Cryptographic Service Provider, m_szExchContainer = ExchContainer, m_dwProvType = 1, m_dwExchKeySpec = 1

2023-07-25 17:49:28
希望创建的设备是:CSPCTL-USBH

2023-07-25 17:49:28
创建的设备是:CSPCTL-USBH

2023-07-25 17:49:28
OpenSecMod CryptGetUserKey failed err = 0x80090020
m_pszExchProvider = Westone Cryptographic Service Provider, m_szExchContainer = ExchContainer, m_dwProvType = 1, m_dwExchKeySpec = 1

2023-07-25 17:49:28
希望创建的设备是:CSPCTL-USBH

2023-07-25 17:49:28
创建的设备是:CSPCTL-USBH

2023-07-25 17:49:28
OpenSecMod CryptGetUserKey failed err = 0x80090020
m_pszExchProvider = Westone Cryptographic Service Provider, m_szExchContainer = ExchContainer, m_dwProvType = 1, m_dwExchKeySpec = 1

2023-07-25 17:49:38
希望创建的设备是:CSPCTL-USBH

2023-07-25 17:49:38
创建的设备是:CSPCTL-USBH

2023-07-25 17:49:38
OpenSecMod CryptGetUserKey failed err = 0x80090020
m_pszExchProvider = Westone Cryptographic Service Provider, m_szExchContainer = ExchContainer, m_dwProvType = 1, m_dwExchKeySpec = 1

2023-07-25 17:49:38
希望创建的设备是:CSPCTL-USBH

2023-07-25 17:49:38
创建的设备是:CSPCTL-USBH

2023-07-25 17:49:38
OpenSecMod CryptGetUserKey failed err = 0x80090020
m_pszExchProvider = Westone Cryptographic Service Provider, m_szExchContainer = ExchContainer, m_dwProvType = 1, m_dwExchKeySpec = 1

2023-07-25 17:49:39
希望创建的设备是:CSPCTL-USBH

2023-07-25 17:49:39
创建的设备是:CSPCTL-USBH

2023-07-25 17:49:39
OpenSecMod CryptGetUserKey failed err = 0x80090020
m_pszExchProvider = Westone Cryptographic Service Provider, m_szExchContainer = ExchContainer, m_dwProvType = 1, m_dwExchKeySpec = 1

2023-07-25 17:49:39
希望创建的设备是:CSPCTL-USBH

2023-07-25 17:49:39
创建的设备是:CSPCTL-USBH

2023-07-25 17:49:39
OpenSecMod CryptGetUserKey failed err = 0x80090020
m_pszExchProvider = Westone Cryptographic Service Provider, m_szExchContainer = ExchContainer, m_dwProvType = 1, m_dwExchKeySpec = 1

2023-07-25 17:49:39
希望创建的设备是:CSPCTL-USBH

2023-07-25 17:49:39
创建的设备是:CSPCTL-USBH

2023-07-25 17:49:39
OpenSecMod CryptGetUserKey failed err = 0x80090020
m_pszExchProvider = Westone Cryptographic Service Provider, m_szExchContainer = ExchContainer, m_dwProvType = 1, m_dwExchKeySpec = 1

2023-07-25 17:49:39
希望创建的设备是:CSPCTL-USBH

2023-07-25 17:49:39
创建的设备是:CSPCTL-USBH

2023-07-25 17:49:39
OpenSecMod CryptGetUserKey failed err = 0x80090020
m_pszExchProvider = Westone Cryptographic Service Provider, m_szExchContainer = ExchContainer, m_dwProvType = 1, m_dwExchKeySpec = 1

2023-07-25 17:50:16
希望创建的设备是:CSPCTL-USBH

2023-07-25 17:50:16
创建的设备是:CSPCTL-USBH

2023-07-25 17:50:16
OpenSecMod CryptGetUserKey failed err = 0x80090020
m_pszExchProvider = Westone Cryptographic Service Provider, m_szExchContainer = ExchContainer, m_dwProvType = 1, m_dwExchKeySpec = 1

2023-07-25 17:50:16
希望创建的设备是:CSPCTL-USBH

2023-07-25 17:50:16
创建的设备是:CSPCTL-USBH

2023-07-25 17:50:16
OpenSecMod CryptGetUserKey failed err = 0x80090020
m_pszExchProvider = Westone Cryptographic Service Provider, m_szExchContainer = ExchContainer, m_dwProvType = 1, m_dwExchKeySpec = 1

2023-07-25 17:50:16
希望创建的设备是:CSPCTL-USBH

2023-07-25 17:50:16
创建的设备是:CSPCTL-USBH

2023-07-25 17:50:16
OpenSecMod CryptGetUserKey failed err = 0x80090020
m_pszExchProvider = Westone Cryptographic Service Provider, m_szExchContainer = ExchContainer, m_dwProvType = 1, m_dwExchKeySpec = 1

2023-07-25 17:50:16
希望创建的设备是:CSPCTL-USBH

2023-07-25 17:50:16
创建的设备是:CSPCTL-USBH

2023-07-25 17:50:16
OpenSecMod CryptGetUserKey failed err = 0x80090020
m_pszExchProvider = Westone Cryptographic Service Provider, m_szExchContainer = ExchContainer, m_dwProvType = 1, m_dwExchKeySpec = 1

2023-07-25 17:50:16
希望创建的设备是:CSPCTL-USBH

2023-07-25 17:50:16
创建的设备是:CSPCTL-USBH

2023-07-25 17:50:16
OpenSecMod CryptGetUserKey failed err = 0x80090020
m_pszExchProvider = Westone Cryptographic Service Provider, m_szExchContainer = ExchContainer, m_dwProvType = 1, m_dwExchKeySpec = 1

2023-07-25 17:50:16
希望创建的设备是:CSPCTL-USBH

2023-07-25 17:50:16
创建的设备是:CSPCTL-USBH

2023-07-25 17:50:16
OpenSecMod CryptGetUserKey failed err = 0x80090020
m_pszExchProvider = Westone Cryptographic Service Provider, m_szExchContainer = ExchContainer, m_dwProvType = 1, m_dwExchKeySpec = 1

2023-07-25 17:50:17
希望创建的设备是:CSPCTL-USBH

2023-07-25 17:50:17
创建的设备是:CSPCTL-USBH

2023-07-25 17:50:17
OpenSecMod CryptGetUserKey failed err = 0x80090020
m_pszExchProvider = Westone Cryptographic Service Provider, m_szExchContainer = ExchContainer, m_dwProvType = 1, m_dwExchKeySpec = 1

2023-07-25 17:50:17
希望创建的设备是:CSPCTL-USBH

2023-07-25 17:50:17
创建的设备是:CSPCTL-USBH

2023-07-25 17:50:17
OpenSecMod CryptGetUserKey failed err = 0x80090020
m_pszExchProvider = Westone Cryptographic Service Provider, m_szExchContainer = ExchContainer, m_dwProvType = 1, m_dwExchKeySpec = 1

2023-07-25 17:50:17
希望创建的设备是:CSPCTL-USBH

2023-07-25 17:50:17
创建的设备是:CSPCTL-USBH

2023-07-25 17:50:17
OpenSecMod CryptGetUserKey failed err = 0x80090020
m_pszExchProvider = Westone Cryptographic Service Provider, m_szExchContainer = ExchContainer, m_dwProvType = 1, m_dwExchKeySpec = 1

2023-07-25 17:50:17
希望创建的设备是:CSPCTL-USBH

2023-07-25 17:50:17
创建的设备是:CSPCTL-USBH

2023-07-25 17:50:17
OpenSecMod CryptGetUserKey failed err = 0x80090020
m_pszExchProvider = Westone Cryptographic Service Provider, m_szExchContainer = ExchContainer, m_dwProvType = 1, m_dwExchKeySpec = 1

2023-07-25 17:50:17
希望创建的设备是:CSPCTL-USBH

2023-07-25 17:50:17
创建的设备是:CSPCTL-USBH

2023-07-25 17:50:17
OpenSecMod CryptGetUserKey failed err = 0x80090020
m_pszExchProvider = Westone Cryptographic Service Provider, m_szExchContainer = ExchContainer, m_dwProvType = 1, m_dwExchKeySpec = 1

2023-07-25 17:50:17
希望创建的设备是:CSPCTL-USBH

2023-07-25 17:50:17
创建的设备是:CSPCTL-USBH

2023-07-25 17:50:17
OpenSecMod CryptGetUserKey failed err = 0x80090020
m_pszExchProvider = Westone Cryptographic Service Provider, m_szExchContainer = ExchContainer, m_dwProvType = 1, m_dwExchKeySpec = 1

2023-08-04 17:48:51
希望创建的设备是:CSPCTL-USBH

2023-08-04 17:48:51
创建的设备是:CSPCTL-USBH

2023-08-04 17:48:52
OpenSecMod CryptGetUserKey failed err = 0x80090020
m_pszExchProvider = Westone Cryptographic Service Provider, m_szExchContainer = ExchContainer, m_dwProvType = 1, m_dwExchKeySpec = 1

2023-08-04 17:48:52
希望创建的设备是:CSPCTL-USBH

2023-08-04 17:48:52
创建的设备是:CSPCTL-USBH

2023-08-04 17:48:52
OpenSecMod CryptGetUserKey failed err = 0x80090020
m_pszExchProvider = Westone Cryptographic Service Provider, m_szExchContainer = ExchContainer, m_dwProvType = 1, m_dwExchKeySpec = 1

2023-08-04 17:48:52
希望创建的设备是:CSPCTL-USBH

2023-08-04 17:48:52
创建的设备是:CSPCTL-USBH

2023-08-04 17:48:52
OpenSecMod CryptGetUserKey failed err = 0x80090020
m_pszExchProvider = Westone Cryptographic Service Provider, m_szExchContainer = ExchContainer, m_dwProvType = 1, m_dwExchKeySpec = 1

2023-08-04 17:48:52
希望创建的设备是:CSPCTL-USBH

2023-08-04 17:48:52
创建的设备是:CSPCTL-USBH

2023-08-04 17:48:52
OpenSecMod CryptGetUserKey failed err = 0x80090020
m_pszExchProvider = Westone Cryptographic Service Provider, m_szExchContainer = ExchContainer, m_dwProvType = 1, m_dwExchKeySpec = 1

2023-08-04 17:48:52
希望创建的设备是:CSPCTL-USBH

2023-08-04 17:48:52
创建的设备是:CSPCTL-USBH

2023-08-04 17:48:52
OpenSecMod CryptGetUserKey failed err = 0x80090020
m_pszExchProvider = Westone Cryptographic Service Provider, m_szExchContainer = ExchContainer, m_dwProvType = 1, m_dwExchKeySpec = 1

2023-08-04 17:48:52
希望创建的设备是:CSPCTL-USBH

2023-08-04 17:48:52
创建的设备是:CSPCTL-USBH

2023-08-04 17:48:52
OpenSecMod CryptGetUserKey failed err = 0x80090020
m_pszExchProvider = Westone Cryptographic Service Provider, m_szExchContainer = ExchContainer, m_dwProvType = 1, m_dwExchKeySpec = 1

2023-08-04 17:48:59
希望创建的设备是:CSPCTL-USBH

2023-08-04 17:48:59
创建的设备是:CSPCTL-USBH

2023-08-04 17:48:59
OpenSecMod CryptGetUserKey failed err = 0x80090020
m_pszExchProvider = Westone Cryptographic Service Provider, m_szExchContainer = ExchContainer, m_dwProvType = 1, m_dwExchKeySpec = 1

2023-08-04 17:48:59
希望创建的设备是:CSPCTL-USBH

2023-08-04 17:48:59
创建的设备是:CSPCTL-USBH

2023-08-04 17:48:59
OpenSecMod CryptGetUserKey failed err = 0x80090020
m_pszExchProvider = Westone Cryptographic Service Provider, m_szExchContainer = ExchContainer, m_dwProvType = 1, m_dwExchKeySpec = 1

2023-08-04 17:48:59
希望创建的设备是:CSPCTL-USBH

2023-08-04 17:48:59
创建的设备是:CSPCTL-USBH

2023-08-04 17:48:59
OpenSecMod CryptGetUserKey failed err = 0x80090020
m_pszExchProvider = Westone Cryptographic Service Provider, m_szExchContainer = ExchContainer, m_dwProvType = 1, m_dwExchKeySpec = 1

2023-08-04 17:48:59
希望创建的设备是:CSPCTL-USBH

2023-08-04 17:48:59
创建的设备是:CSPCTL-USBH

2023-08-04 17:48:59
OpenSecMod CryptGetUserKey failed err = 0x80090020
m_pszExchProvider = Westone Cryptographic Service Provider, m_szExchContainer = ExchContainer, m_dwProvType = 1, m_dwExchKeySpec = 1

2023-08-04 17:48:59
希望创建的设备是:CSPCTL-USBH

2023-08-04 17:48:59
创建的设备是:CSPCTL-USBH

2023-08-04 17:48:59
OpenSecMod CryptGetUserKey failed err = 0x80090020
m_pszExchProvider = Westone Cryptographic Service Provider, m_szExchContainer = ExchContainer, m_dwProvType = 1, m_dwExchKeySpec = 1

2023-08-04 17:48:59
希望创建的设备是:CSPCTL-USBH

2023-08-04 17:48:59
创建的设备是:CSPCTL-USBH

2023-08-04 17:48:59
OpenSecMod CryptGetUserKey failed err = 0x80090020
m_pszExchProvider = Westone Cryptographic Service Provider, m_szExchContainer = ExchContainer, m_dwProvType = 1, m_dwExchKeySpec = 1

2023-08-04 17:49:09
希望创建的设备是:CSPCTL-USBH

2023-08-04 17:49:09
创建的设备是:CSPCTL-USBH

2023-08-04 17:49:09
OpenSecMod CryptGetUserKey failed err = 0x80090020
m_pszExchProvider = Westone Cryptographic Service Provider, m_szExchContainer = ExchContainer, m_dwProvType = 1, m_dwExchKeySpec = 1

2023-08-04 17:49:09
希望创建的设备是:CSPCTL-USBH

2023-08-04 17:49:09
创建的设备是:CSPCTL-USBH

2023-08-04 17:49:09
OpenSecMod CryptGetUserKey failed err = 0x80090020
m_pszExchProvider = Westone Cryptographic Service Provider, m_szExchContainer = ExchContainer, m_dwProvType = 1, m_dwExchKeySpec = 1

2023-08-04 17:49:09
希望创建的设备是:CSPCTL-USBH

2023-08-04 17:49:09
创建的设备是:CSPCTL-USBH

2023-08-04 17:49:09
OpenSecMod CryptGetUserKey failed err = 0x80090020
m_pszExchProvider = Westone Cryptographic Service Provider, m_szExchContainer = ExchContainer, m_dwProvType = 1, m_dwExchKeySpec = 1

2023-08-04 17:49:09
希望创建的设备是:CSPCTL-USBH

2023-08-04 17:49:09
创建的设备是:CSPCTL-USBH

2023-08-04 17:49:09
OpenSecMod CryptGetUserKey failed err = 0x80090020
m_pszExchProvider = Westone Cryptographic Service Provider, m_szExchContainer = ExchContainer, m_dwProvType = 1, m_dwExchKeySpec = 1

2023-08-04 17:49:09
希望创建的设备是:CSPCTL-USBH

2023-08-04 17:49:09
创建的设备是:CSPCTL-USBH

2023-08-04 17:49:09
OpenSecMod CryptGetUserKey failed err = 0x80090020
m_pszExchProvider = Westone Cryptographic Service Provider, m_szExchContainer = ExchContainer, m_dwProvType = 1, m_dwExchKeySpec = 1

2023-08-04 17:49:09
希望创建的设备是:CSPCTL-USBH

2023-08-04 17:49:09
创建的设备是:CSPCTL-USBH

2023-08-04 17:49:09
OpenSecMod CryptGetUserKey failed err = 0x80090020
m_pszExchProvider = Westone Cryptographic Service Provider, m_szExchContainer = ExchContainer, m_dwProvType = 1, m_dwExchKeySpec = 1

2023-08-07 13:16:13
希望创建的设备是:CSPCTL-USBH

2023-08-07 13:16:13
创建的设备是:CSPCTL-USBH

2023-08-07 13:16:13
OpenSecMod CryptGetUserKey failed err = 0x80090020
m_pszExchProvider = Westone Cryptographic Service Provider, m_szExchContainer = ExchContainer, m_dwProvType = 1, m_dwExchKeySpec = 1

2023-08-07 13:16:13
希望创建的设备是:CSPCTL-USBH

2023-08-07 13:16:13
创建的设备是:CSPCTL-USBH

2023-08-07 13:16:13
OpenSecMod CryptGetUserKey failed err = 0x80090020
m_pszExchProvider = Westone Cryptographic Service Provider, m_szExchContainer = ExchContainer, m_dwProvType = 1, m_dwExchKeySpec = 1

2023-08-07 13:16:13
希望创建的设备是:CSPCTL-USBH

2023-08-07 13:16:13
创建的设备是:CSPCTL-USBH

2023-08-07 13:16:13
OpenSecMod CryptGetUserKey failed err = 0x80090020
m_pszExchProvider = Westone Cryptographic Service Provider, m_szExchContainer = ExchContainer, m_dwProvType = 1, m_dwExchKeySpec = 1

2023-08-07 13:16:13
希望创建的设备是:CSPCTL-USBH

2023-08-07 13:16:13
创建的设备是:CSPCTL-USBH

2023-08-07 13:16:13
OpenSecMod CryptGetUserKey failed err = 0x80090020
m_pszExchProvider = Westone Cryptographic Service Provider, m_szExchContainer = ExchContainer, m_dwProvType = 1, m_dwExchKeySpec = 1

2023-08-07 13:16:13
希望创建的设备是:CSPCTL-USBH

2023-08-07 13:16:13
创建的设备是:CSPCTL-USBH

2023-08-07 13:16:13
OpenSecMod CryptGetUserKey failed err = 0x80090020
m_pszExchProvider = Westone Cryptographic Service Provider, m_szExchContainer = ExchContainer, m_dwProvType = 1, m_dwExchKeySpec = 1

2023-08-07 13:16:13
希望创建的设备是:CSPCTL-USBH

2023-08-07 13:16:13
创建的设备是:CSPCTL-USBH

2023-08-07 13:16:13
OpenSecMod CryptGetUserKey failed err = 0x80090020
m_pszExchProvider = Westone Cryptographic Service Provider, m_szExchContainer = ExchContainer, m_dwProvType = 1, m_dwExchKeySpec = 1

2023-08-07 13:16:22
希望创建的设备是:CSPCTL-USBH

2023-08-07 13:16:22
创建的设备是:CSPCTL-USBH

2023-08-07 13:16:22
OpenSecMod CryptGetUserKey failed err = 0x80090020
m_pszExchProvider = Westone Cryptographic Service Provider, m_szExchContainer = ExchContainer, m_dwProvType = 1, m_dwExchKeySpec = 1

2023-08-07 13:16:22
希望创建的设备是:CSPCTL-USBH

2023-08-07 13:16:22
创建的设备是:CSPCTL-USBH

2023-08-07 13:16:22
OpenSecMod CryptGetUserKey failed err = 0x80090020
m_pszExchProvider = Westone Cryptographic Service Provider, m_szExchContainer = ExchContainer, m_dwProvType = 1, m_dwExchKeySpec = 1

2023-08-07 13:16:22
希望创建的设备是:CSPCTL-USBH

2023-08-07 13:16:22
创建的设备是:CSPCTL-USBH

2023-08-07 13:16:22
OpenSecMod CryptGetUserKey failed err = 0x80090020
m_pszExchProvider = Westone Cryptographic Service Provider, m_szExchContainer = ExchContainer, m_dwProvType = 1, m_dwExchKeySpec = 1

2023-08-07 13:16:22
希望创建的设备是:CSPCTL-USBH

2023-08-07 13:16:22
创建的设备是:CSPCTL-USBH

2023-08-07 13:16:22
OpenSecMod CryptGetUserKey failed err = 0x80090020
m_pszExchProvider = Westone Cryptographic Service Provider, m_szExchContainer = ExchContainer, m_dwProvType = 1, m_dwExchKeySpec = 1

2023-08-07 13:16:22
希望创建的设备是:CSPCTL-USBH

2023-08-07 13:16:22
创建的设备是:CSPCTL-USBH

2023-08-07 13:16:22
OpenSecMod CryptGetUserKey failed err = 0x80090020
m_pszExchProvider = Westone Cryptographic Service Provider, m_szExchContainer = ExchContainer, m_dwProvType = 1, m_dwExchKeySpec = 1

2023-08-07 13:16:22
希望创建的设备是:CSPCTL-USBH

2023-08-07 13:16:22
创建的设备是:CSPCTL-USBH

2023-08-07 13:16:22
OpenSecMod CryptGetUserKey failed err = 0x80090020
m_pszExchProvider = Westone Cryptographic Service Provider, m_szExchContainer = ExchContainer, m_dwProvType = 1, m_dwExchKeySpec = 1

2023-08-07 13:17:29
希望创建的设备是:CSPCTL-USBH

2023-08-07 13:17:29
创建的设备是:CSPCTL-USBH

2023-08-07 13:17:29
OpenSecMod CryptGetUserKey failed err = 0x80090020
m_pszExchProvider = Westone Cryptographic Service Provider, m_szExchContainer = ExchContainer, m_dwProvType = 1, m_dwExchKeySpec = 1

2023-08-07 13:17:29
希望创建的设备是:CSPCTL-USBH

2023-08-07 13:17:29
创建的设备是:CSPCTL-USBH

2023-08-07 13:17:29
OpenSecMod CryptGetUserKey failed err = 0x80090020
m_pszExchProvider = Westone Cryptographic Service Provider, m_szExchContainer = ExchContainer, m_dwProvType = 1, m_dwExchKeySpec = 1

2023-08-07 13:17:29
希望创建的设备是:CSPCTL-USBH

2023-08-07 13:17:29
创建的设备是:CSPCTL-USBH

2023-08-07 13:17:29
OpenSecMod CryptGetUserKey failed err = 0x80090020
m_pszExchProvider = Westone Cryptographic Service Provider, m_szExchContainer = ExchContainer, m_dwProvType = 1, m_dwExchKeySpec = 1

2023-08-07 13:17:29
希望创建的设备是:CSPCTL-USBH

2023-08-07 13:17:29
创建的设备是:CSPCTL-USBH

2023-08-07 13:17:29
OpenSecMod CryptGetUserKey failed err = 0x80090020
m_pszExchProvider = Westone Cryptographic Service Provider, m_szExchContainer = ExchContainer, m_dwProvType = 1, m_dwExchKeySpec = 1

2023-08-07 13:17:29
希望创建的设备是:CSPCTL-USBH

2023-08-07 13:17:29
创建的设备是:CSPCTL-USBH

2023-08-07 13:17:29
OpenSecMod CryptGetUserKey failed err = 0x80090020
m_pszExchProvider = Westone Cryptographic Service Provider, m_szExchContainer = ExchContainer, m_dwProvType = 1, m_dwExchKeySpec = 1

2023-08-07 13:17:29
希望创建的设备是:CSPCTL-USBH

2023-08-07 13:17:29
创建的设备是:CSPCTL-USBH

2023-08-07 13:17:29
OpenSecMod CryptGetUserKey failed err = 0x80090020
m_pszExchProvider = Westone Cryptographic Service Provider, m_szExchContainer = ExchContainer, m_dwProvType = 1, m_dwExchKeySpec = 1

2023-08-07 13:17:53
希望创建的设备是:CSPCTL-USBH

2023-08-07 13:17:53
创建的设备是:CSPCTL-USBH

2023-08-07 13:17:53
OpenSecMod CryptGetUserKey failed err = 0x80090020
m_pszExchProvider = Westone Cryptographic Service Provider, m_szExchContainer = ExchContainer, m_dwProvType = 1, m_dwExchKeySpec = 1

2023-08-07 13:17:53
希望创建的设备是:CSPCTL-USBH

2023-08-07 13:17:53
创建的设备是:CSPCTL-USBH

2023-08-07 13:17:53
OpenSecMod CryptGetUserKey failed err = 0x80090020
m_pszExchProvider = Westone Cryptographic Service Provider, m_szExchContainer = ExchContainer, m_dwProvType = 1, m_dwExchKeySpec = 1

2023-08-07 13:17:53
希望创建的设备是:CSPCTL-USBH

2023-08-07 13:17:53
创建的设备是:CSPCTL-USBH

2023-08-07 13:17:53
OpenSecMod CryptGetUserKey failed err = 0x80090020
m_pszExchProvider = Westone Cryptographic Service Provider, m_szExchContainer = ExchContainer, m_dwProvType = 1, m_dwExchKeySpec = 1

2023-08-07 13:17:53
希望创建的设备是:CSPCTL-USBH

2023-08-07 13:17:53
创建的设备是:CSPCTL-USBH

2023-08-07 13:17:53
OpenSecMod CryptGetUserKey failed err = 0x80090020
m_pszExchProvider = Westone Cryptographic Service Provider, m_szExchContainer = ExchContainer, m_dwProvType = 1, m_dwExchKeySpec = 1

2023-08-07 13:17:53
希望创建的设备是:CSPCTL-USBH

2023-08-07 13:17:53
创建的设备是:CSPCTL-USBH

2023-08-07 13:17:53
OpenSecMod CryptGetUserKey failed err = 0x80090020
m_pszExchProvider = Westone Cryptographic Service Provider, m_szExchContainer = ExchContainer, m_dwProvType = 1, m_dwExchKeySpec = 1

2023-08-07 13:17:53
希望创建的设备是:CSPCTL-USBH

2023-08-07 13:17:53
创建的设备是:CSPCTL-USBH

2023-08-07 13:17:53
OpenSecMod CryptGetUserKey failed err = 0x80090020
m_pszExchProvider = Westone Cryptographic Service Provider, m_szExchContainer = ExchContainer, m_dwProvType = 1, m_dwExchKeySpec = 1

2023-08-07 13:18:01
希望创建的设备是:CSPCTL-USBH

2023-08-07 13:18:01
创建的设备是:CSPCTL-USBH

2023-08-07 13:18:01
OpenSecMod CryptGetUserKey failed err = 0x80090020
m_pszExchProvider = Westone Cryptographic Service Provider, m_szExchContainer = ExchContainer, m_dwProvType = 1, m_dwExchKeySpec = 1

2023-08-07 13:18:01
希望创建的设备是:CSPCTL-USBH

2023-08-07 13:18:01
创建的设备是:CSPCTL-USBH

2023-08-07 13:18:01
OpenSecMod CryptGetUserKey failed err = 0x80090020
m_pszExchProvider = Westone Cryptographic Service Provider, m_szExchContainer = ExchContainer, m_dwProvType = 1, m_dwExchKeySpec = 1

2023-08-07 13:18:01
希望创建的设备是:CSPCTL-USBH

2023-08-07 13:18:01
创建的设备是:CSPCTL-USBH

2023-08-07 13:18:01
OpenSecMod CryptGetUserKey failed err = 0x80090020
m_pszExchProvider = Westone Cryptographic Service Provider, m_szExchContainer = ExchContainer, m_dwProvType = 1, m_dwExchKeySpec = 1

2023-08-07 13:18:01
希望创建的设备是:CSPCTL-USBH

2023-08-07 13:18:01
创建的设备是:CSPCTL-USBH

2023-08-07 13:18:01
OpenSecMod CryptGetUserKey failed err = 0x80090020
m_pszExchProvider = Westone Cryptographic Service Provider, m_szExchContainer = ExchContainer, m_dwProvType = 1, m_dwExchKeySpec = 1

2023-08-07 13:18:01
希望创建的设备是:CSPCTL-USBH

2023-08-07 13:18:01
创建的设备是:CSPCTL-USBH

2023-08-07 13:18:01
OpenSecMod CryptGetUserKey failed err = 0x80090020
m_pszExchProvider = Westone Cryptographic Service Provider, m_szExchContainer = ExchContainer, m_dwProvType = 1, m_dwExchKeySpec = 1

2023-08-07 13:18:01
希望创建的设备是:CSPCTL-USBH

2023-08-07 13:18:01
创建的设备是:CSPCTL-USBH

2023-08-07 13:18:01
OpenSecMod CryptGetUserKey failed err = 0x80090020
m_pszExchProvider = Westone Cryptographic Service Provider, m_szExchContainer = ExchContainer, m_dwProvType = 1, m_dwExchKeySpec = 1

 